#
# There is insufficient memory for the Java Runtime Environment to continue.
# Native memory allocation (malloc) failed to allocate 2139856 bytes for Chunk::new
# Possible reasons:
#   The system is out of physical RAM or swap space
#   The process is running with CompressedOops enabled, and the Java Heap may be blocking the growth of the native heap
# Possible solutions:
#   Reduce memory load on the system
#   Increase physical memory or swap space
#   Check if swap backing store is full
#   Decrease Java heap size (-Xmx/-Xms)
#   Decrease number of Java threads
#   Decrease Java thread stack sizes (-Xss)
#   Set larger code cache with -XX:ReservedCodeCacheSize=
#   JVM is running with Unscaled Compressed Oops mode in which the Java heap is
#     placed in the first 4GB address space. The Java Heap base address is the
#     maximum limit for the native heap growth. Please use -XX:HeapBaseMinAddress
#     to set the Java Heap base and to place the Java Heap above 4GB virtual address.
# This output file may be truncated or incomplete.
#
#  Out of Memory Error (./src/hotspot/share/memory/arena.cpp:197), pid=11896, tid=11900
#
# JRE version: OpenJDK Runtime Environment (11.0.11+9) (build 11.0.11+9-b60-7590822)
# Java VM: OpenJDK 64-Bit Server VM (11.0.11+9-b60-7590822, mixed mode, tiered, compressed oops, g1 gc, windows-amd64)
# No core dump will be written. Minidumps are not enabled by default on client versions of Windows
#

---------------  S U M M A R Y ------------

Command Line: org.jetbrains.kotlin.cli.jvm.K2JVMCompiler @D:\MemoryGameApp\app\build\20220515_3675503086593508134.compiler.options

Host: Intel(R) Core(TM) i7-1065G7 CPU @ 1.30GHz, 8 cores, 7G,  Windows 10 , 64 bit Build 18362 (10.0.18362.329)
Time: Sun May 15 23:31:37 2022 Caiaaiay Acey (ceia) elapsed time: 3.828853 seconds (0d 0h 0m 3s)

---------------  T H R E A D  ---------------

Current thread (0x0000020f21329000):  JavaThread "C2 CompilerThread1" daemon [_thread_in_native, id=11900, stack(0x000000745fa00000,0x000000745fb00000)]


Current CompileTask:
C2:   3828 5668   !   4       org.jetbrains.kotlin.metadata.ProtoBuf$Function::<init> (1410 bytes)

Stack: [0x000000745fa00000,0x000000745fb00000]
Native frames: (J=compiled Java code, j=interpreted, Vv=VM code, C=native code)
V  [jvm.dll+0x5f214a]
V  [jvm.dll+0x726fb5]
V  [jvm.dll+0x7285cd]
V  [jvm.dll+0x728c83]
V  [jvm.dll+0x243278]
V  [jvm.dll+0xbc53c]
V  [jvm.dll+0xbca3c]
V  [jvm.dll+0x353e7d]
V  [jvm.dll+0x321893]
V  [jvm.dll+0x320d8a]
V  [jvm.dll+0x1fc1e2]
V  [jvm.dll+0x1fb3d4]
V  [jvm.dll+0x183d6c]
V  [jvm.dll+0x209a57]
V  [jvm.dll+0x2082a1]
V  [jvm.dll+0x6ef58f]
V  [jvm.dll+0x6e80b5]
V  [jvm.dll+0x5f1036]
C  [ucrtbase.dll+0x20e72]
C  [KERNEL32.DLL+0x17bd4]
C  [ntdll.dll+0x6ced1]


---------------  P R O C E S S  ---------------

Threads class SMR info:
_java_thread_list=0x0000020f21329ac0, length=12, elements={
0x0000020f0466b000, 0x0000020f20901000, 0x0000020f20902000, 0x0000020f21169000,
0x0000020f2116d000, 0x0000020f21170000, 0x0000020f21173800, 0x0000020f21174800,
0x0000020f21177000, 0x0000020f212e0800, 0x0000020f21329000, 0x0000020f212ed800
}

Java Threads: ( => current thread )
  0x0000020f0466b000 JavaThread "main" [_thread_in_vm, id=5560, stack(0x000000745e900000,0x000000745ea00000)]
  0x0000020f20901000 JavaThread "Reference Handler" daemon [_thread_blocked, id=8132, stack(0x000000745f000000,0x000000745f100000)]
  0x0000020f20902000 JavaThread "Finalizer" daemon [_thread_blocked, id=12476, stack(0x000000745f100000,0x000000745f200000)]
  0x0000020f21169000 JavaThread "Signal Dispatcher" daemon [_thread_blocked, id=6860, stack(0x000000745f200000,0x000000745f300000)]
  0x0000020f2116d000 JavaThread "Attach Listener" daemon [_thread_blocked, id=11008, stack(0x000000745f300000,0x000000745f400000)]
  0x0000020f21170000 JavaThread "Service Thread" daemon [_thread_blocked, id=1924, stack(0x000000745f400000,0x000000745f500000)]
  0x0000020f21173800 JavaThread "C2 CompilerThread0" daemon [_thread_in_native, id=9068, stack(0x000000745f500000,0x000000745f600000)]
  0x0000020f21174800 JavaThread "C1 CompilerThread0" daemon [_thread_blocked, id=12836, stack(0x000000745f600000,0x000000745f700000)]
  0x0000020f21177000 JavaThread "Sweeper thread" daemon [_thread_blocked, id=10196, stack(0x000000745f700000,0x000000745f800000)]
  0x0000020f212e0800 JavaThread "Common-Cleaner" daemon [_thread_blocked, id=11044, stack(0x000000745f900000,0x000000745fa00000)]
=>0x0000020f21329000 JavaThread "C2 CompilerThread1" daemon [_thread_in_native, id=11900, stack(0x000000745fa00000,0x000000745fb00000)]
  0x0000020f212ed800 JavaThread "C2 CompilerThread2" daemon [_thread_in_native, id=10876, stack(0x000000745fb00000,0x000000745fc00000)]

Other Threads:
  0x0000020f21123000 VMThread "VM Thread" [stack: 0x000000745ef00000,0x000000745f000000] [id=1452]
  0x0000020f212da000 WatcherThread [stack: 0x000000745f800000,0x000000745f900000] [id=10900]
  0x0000020f04684800 GCTaskThread "GC Thread#0" [stack: 0x000000745ea00000,0x000000745eb00000] [id=12928]
  0x0000020f21a2d800 GCTaskThread "GC Thread#1" [stack: 0x000000745fc00000,0x000000745fd00000] [id=12312]
  0x0000020f21a2e000 GCTaskThread "GC Thread#2" [stack: 0x000000745fd00000,0x000000745fe00000] [id=9588]
  0x0000020f046bb000 ConcurrentGCThread "G1 Main Marker" [stack: 0x000000745eb00000,0x000000745ec00000] [id=7472]
  0x0000020f046bc800 ConcurrentGCThread "G1 Conc#0" [stack: 0x000000745ec00000,0x000000745ed00000] [id=9456]
  0x0000020f21b29000 ConcurrentGCThread "G1 Conc#1" [stack: 0x000000745fe00000,0x000000745ff00000] [id=12204]
  0x0000020f20748800 ConcurrentGCThread "G1 Refine#0" [stack: 0x000000745ed00000,0x000000745ee00000] [id=8948]
  0x0000020f24e8f000 ConcurrentGCThread "G1 Refine#1" [stack: 0x000000745ff00000,0x0000007460000000] [id=2492]
  0x0000020f22cae000 ConcurrentGCThread "G1 Refine#2" [stack: 0x0000007460000000,0x0000007460100000] [id=128]
  0x0000020f226fb800 ConcurrentGCThread "G1 Refine#3" [stack: 0x0000007460100000,0x0000007460200000] [id=2240]
  0x0000020f25d0a800 ConcurrentGCThread "G1 Refine#4" [stack: 0x0000007460200000,0x0000007460300000] [id=8416]
  0x0000020f20749000 ConcurrentGCThread "G1 Young RemSet Sampling" [stack: 0x000000745ee00000,0x000000745ef00000] [id=2656]

Threads with active compile tasks:
C2 CompilerThread0   3834 5824 %     4       org.jetbrains.kotlin.metadata.jvm.deserialization.UtfEncodingKt::stringsToBytes @ 106 (182 bytes)
C2 CompilerThread1   3834 5668   !   4       org.jetbrains.kotlin.metadata.ProtoBuf$Function::<init> (1410 bytes)
C2 CompilerThread2   3834 5792       4       kotlin.collections.CollectionsKt__MutableCollectionsKt::addAll (74 bytes)

VM state:not at safepoint (normal execution)

VM Mutex/Monitor currently owned by a thread: None

Heap address: 0x0000000083000000, size: 2000 MB, Compressed Oops mode: 32-bit
Narrow klass base: 0x0000000000000000, Narrow klass shift: 3
Compressed class space size: 1073741824 Address: 0x0000000100000000

Heap:
 garbage-first heap   total 156672K, used 60287K [0x0000000083000000, 0x0000000100000000)
  region size 1024K, 27 young (27648K), 9 survivors (9216K)
 Metaspace       used 57313K, capacity 57994K, committed 58240K, reserved 1099776K
  class space    used 6658K, capacity 6956K, committed 7040K, reserved 1048576K
Heap Regions: E=young(eden), S=young(survivor), O=old, HS=humongous(starts), HC=humongous(continues), CS=collection set, F=free, A=archive, TAMS=top-at-mark-start (previous, next)
|   0|0x0000000083000000, 0x0000000083100000, 0x0000000083100000|100%|HS|  |TAMS 0x0000000083100000, 0x0000000083000000| Complete 
|   1|0x0000000083100000, 0x0000000083200000, 0x0000000083200000|100%|HC|  |TAMS 0x0000000083200000, 0x0000000083100000| Complete 
|   2|0x0000000083200000, 0x0000000083300000, 0x0000000083300000|100%|HC|  |TAMS 0x0000000083300000, 0x0000000083200000| Complete 
|   3|0x0000000083300000, 0x0000000083400000, 0x0000000083400000|100%|HS|  |TAMS 0x0000000083400000, 0x0000000083300000| Complete 
|   4|0x0000000083400000, 0x0000000083500000, 0x0000000083500000|100%|HC|  |TAMS 0x0000000083500000, 0x0000000083400000| Complete 
|   5|0x0000000083500000, 0x0000000083600000, 0x0000000083600000|100%|HC|  |TAMS 0x0000000083600000, 0x0000000083500000| Complete 
|   6|0x0000000083600000, 0x0000000083700000, 0x0000000083700000|100%|HS|  |TAMS 0x0000000083600000, 0x0000000083600000| Complete 
|   7|0x0000000083700000, 0x0000000083800000, 0x0000000083800000|100%|HC|  |TAMS 0x0000000083700000, 0x0000000083700000| Complete 
|   8|0x0000000083800000, 0x0000000083900000, 0x0000000083900000|100%| O|  |TAMS 0x0000000083900000, 0x0000000083800000| Untracked 
|   9|0x0000000083900000, 0x0000000083a00000, 0x0000000083a00000|100%| O|  |TAMS 0x0000000083a00000, 0x0000000083900000| Untracked 
|  10|0x0000000083a00000, 0x0000000083b00000, 0x0000000083b00000|100%| O|  |TAMS 0x0000000083b00000, 0x0000000083a00000| Untracked 
|  11|0x0000000083b00000, 0x0000000083c00000, 0x0000000083c00000|100%| O|  |TAMS 0x0000000083c00000, 0x0000000083b00000| Untracked 
|  12|0x0000000083c00000, 0x0000000083d00000, 0x0000000083d00000|100%| O|  |TAMS 0x0000000083d00000, 0x0000000083c00000| Untracked 
|  13|0x0000000083d00000, 0x0000000083e00000, 0x0000000083e00000|100%| O|  |TAMS 0x0000000083e00000, 0x0000000083d00000| Untracked 
|  14|0x0000000083e00000, 0x0000000083f00000, 0x0000000083f00000|100%| O|  |TAMS 0x0000000083f00000, 0x0000000083e00000| Untracked 
|  15|0x0000000083f00000, 0x0000000084000000, 0x0000000084000000|100%| O|  |TAMS 0x0000000084000000, 0x0000000083f00000| Untracked 
|  16|0x0000000084000000, 0x0000000084100000, 0x0000000084100000|100%| O|  |TAMS 0x0000000084100000, 0x0000000084000000| Untracked 
|  17|0x0000000084100000, 0x0000000084200000, 0x0000000084200000|100%| O|  |TAMS 0x0000000084200000, 0x0000000084100000| Untracked 
|  18|0x0000000084200000, 0x0000000084300000, 0x0000000084300000|100%| O|  |TAMS 0x0000000084300000, 0x0000000084200000| Untracked 
|  19|0x0000000084300000, 0x0000000084400000, 0x0000000084400000|100%| O|  |TAMS 0x0000000084400000, 0x0000000084300000| Untracked 
|  20|0x0000000084400000, 0x0000000084500000, 0x0000000084500000|100%| O|  |TAMS 0x0000000084400000, 0x0000000084400000| Untracked 
|  21|0x0000000084500000, 0x0000000084600000, 0x0000000084600000|100%| O|  |TAMS 0x0000000084500000, 0x0000000084500000| Untracked 
|  22|0x0000000084600000, 0x0000000084700000, 0x0000000084700000|100%| O|  |TAMS 0x0000000084600000, 0x0000000084600000| Untracked 
|  23|0x0000000084700000, 0x0000000084800000, 0x0000000084800000|100%| O|  |TAMS 0x0000000084700000, 0x0000000084700000| Untracked 
|  24|0x0000000084800000, 0x0000000084900000, 0x0000000084900000|100%| O|  |TAMS 0x0000000084800000, 0x0000000084800000| Untracked 
|  25|0x0000000084900000, 0x0000000084a00000, 0x0000000084a00000|100%| O|  |TAMS 0x0000000084900000, 0x0000000084900000| Untracked 
|  26|0x0000000084a00000, 0x0000000084b00000, 0x0000000084b00000|100%| O|  |TAMS 0x0000000084a00000, 0x0000000084a00000| Untracked 
|  27|0x0000000084b00000, 0x0000000084c00000, 0x0000000084c00000|100%| O|  |TAMS 0x0000000084b00000, 0x0000000084b00000| Untracked 
|  28|0x0000000084c00000, 0x0000000084d00000, 0x0000000084d00000|100%| O|  |TAMS 0x0000000084c00000, 0x0000000084c00000| Untracked 
|  29|0x0000000084d00000, 0x0000000084e00000, 0x0000000084e00000|100%| O|  |TAMS 0x0000000084d00000, 0x0000000084d00000| Untracked 
|  30|0x0000000084e00000, 0x0000000084f00000, 0x0000000084f00000|100%| O|  |TAMS 0x0000000084e00000, 0x0000000084e00000| Untracked 
|  31|0x0000000084f00000, 0x0000000085000000, 0x0000000085000000|100%| O|  |TAMS 0x0000000084f00000, 0x0000000084f00000| Untracked 
|  32|0x0000000085000000, 0x0000000085100000, 0x0000000085100000|100%| O|  |TAMS 0x0000000085000000, 0x0000000085000000| Untracked 
|  33|0x0000000085100000, 0x0000000085100000, 0x0000000085200000|  0%| F|  |TAMS 0x0000000085100000, 0x0000000085100000| Untracked 
|  34|0x0000000085200000, 0x0000000085200000, 0x0000000085300000|  0%| F|  |TAMS 0x0000000085200000, 0x0000000085200000| Untracked 
|  35|0x0000000085300000, 0x0000000085300000, 0x0000000085400000|  0%| F|  |TAMS 0x0000000085300000, 0x0000000085300000| Untracked 
|  36|0x0000000085400000, 0x0000000085400000, 0x0000000085500000|  0%| F|  |TAMS 0x0000000085400000, 0x0000000085400000| Untracked 
|  37|0x0000000085500000, 0x0000000085500000, 0x0000000085600000|  0%| F|  |TAMS 0x0000000085500000, 0x0000000085500000| Untracked 
|  38|0x0000000085600000, 0x0000000085600000, 0x0000000085700000|  0%| F|  |TAMS 0x0000000085600000, 0x0000000085600000| Untracked 
|  39|0x0000000085700000, 0x0000000085700000, 0x0000000085800000|  0%| F|  |TAMS 0x0000000085700000, 0x0000000085700000| Untracked 
|  40|0x0000000085800000, 0x0000000085800000, 0x0000000085900000|  0%| F|  |TAMS 0x0000000085800000, 0x0000000085800000| Untracked 
|  41|0x0000000085900000, 0x0000000085900000, 0x0000000085a00000|  0%| F|  |TAMS 0x0000000085900000, 0x0000000085900000| Untracked 
|  42|0x0000000085a00000, 0x0000000085a00000, 0x0000000085b00000|  0%| F|  |TAMS 0x0000000085a00000, 0x0000000085a00000| Untracked 
|  43|0x0000000085b00000, 0x0000000085b00000, 0x0000000085c00000|  0%| F|  |TAMS 0x0000000085b00000, 0x0000000085b00000| Untracked 
|  44|0x0000000085c00000, 0x0000000085c00000, 0x0000000085d00000|  0%| F|  |TAMS 0x0000000085c00000, 0x0000000085c00000| Untracked 
|  45|0x0000000085d00000, 0x0000000085d00000, 0x0000000085e00000|  0%| F|  |TAMS 0x0000000085d00000, 0x0000000085d00000| Untracked 
|  46|0x0000000085e00000, 0x0000000085e00000, 0x0000000085f00000|  0%| F|  |TAMS 0x0000000085e00000, 0x0000000085e00000| Untracked 
|  47|0x0000000085f00000, 0x0000000085f00000, 0x0000000086000000|  0%| F|  |TAMS 0x0000000085f00000, 0x0000000085f00000| Untracked 
|  48|0x0000000086000000, 0x0000000086000000, 0x0000000086100000|  0%| F|  |TAMS 0x0000000086000000, 0x0000000086000000| Untracked 
|  49|0x0000000086100000, 0x0000000086100000, 0x0000000086200000|  0%| F|  |TAMS 0x0000000086100000, 0x0000000086100000| Untracked 
|  50|0x0000000086200000, 0x0000000086200000, 0x0000000086300000|  0%| F|  |TAMS 0x0000000086200000, 0x0000000086200000| Untracked 
|  51|0x0000000086300000, 0x0000000086300000, 0x0000000086400000|  0%| F|  |TAMS 0x0000000086300000, 0x0000000086300000| Untracked 
|  52|0x0000000086400000, 0x0000000086400000, 0x0000000086500000|  0%| F|  |TAMS 0x0000000086400000, 0x0000000086400000| Untracked 
|  53|0x0000000086500000, 0x0000000086500000, 0x0000000086600000|  0%| F|  |TAMS 0x0000000086500000, 0x0000000086500000| Untracked 
|  54|0x0000000086600000, 0x0000000086600000, 0x0000000086700000|  0%| F|  |TAMS 0x0000000086600000, 0x0000000086600000| Untracked 
|  55|0x0000000086700000, 0x0000000086700000, 0x0000000086800000|  0%| F|  |TAMS 0x0000000086700000, 0x0000000086700000| Untracked 
|  56|0x0000000086800000, 0x0000000086800000, 0x0000000086900000|  0%| F|  |TAMS 0x0000000086800000, 0x0000000086800000| Untracked 
|  57|0x0000000086900000, 0x0000000086900000, 0x0000000086a00000|  0%| F|  |TAMS 0x0000000086900000, 0x0000000086900000| Untracked 
|  58|0x0000000086a00000, 0x0000000086a00000, 0x0000000086b00000|  0%| F|  |TAMS 0x0000000086a00000, 0x0000000086a00000| Untracked 
|  59|0x0000000086b00000, 0x0000000086b00000, 0x0000000086c00000|  0%| F|  |TAMS 0x0000000086b00000, 0x0000000086b00000| Untracked 
|  60|0x0000000086c00000, 0x0000000086c00000, 0x0000000086d00000|  0%| F|  |TAMS 0x0000000086c00000, 0x0000000086c00000| Untracked 
|  61|0x0000000086d00000, 0x0000000086d00000, 0x0000000086e00000|  0%| F|  |TAMS 0x0000000086d00000, 0x0000000086d00000| Untracked 
|  62|0x0000000086e00000, 0x0000000086e00000, 0x0000000086f00000|  0%| F|  |TAMS 0x0000000086e00000, 0x0000000086e00000| Untracked 
|  63|0x0000000086f00000, 0x0000000086f00000, 0x0000000087000000|  0%| F|  |TAMS 0x0000000086f00000, 0x0000000086f00000| Untracked 
|  64|0x0000000087000000, 0x0000000087000000, 0x0000000087100000|  0%| F|  |TAMS 0x0000000087000000, 0x0000000087000000| Untracked 
|  65|0x0000000087100000, 0x0000000087100000, 0x0000000087200000|  0%| F|  |TAMS 0x0000000087100000, 0x0000000087100000| Untracked 
|  66|0x0000000087200000, 0x0000000087200000, 0x0000000087300000|  0%| F|  |TAMS 0x0000000087200000, 0x0000000087200000| Untracked 
|  67|0x0000000087300000, 0x0000000087300000, 0x0000000087400000|  0%| F|  |TAMS 0x0000000087300000, 0x0000000087300000| Untracked 
|  68|0x0000000087400000, 0x0000000087400000, 0x0000000087500000|  0%| F|  |TAMS 0x0000000087400000, 0x0000000087400000| Untracked 
|  69|0x0000000087500000, 0x0000000087500000, 0x0000000087600000|  0%| F|  |TAMS 0x0000000087500000, 0x0000000087500000| Untracked 
|  70|0x0000000087600000, 0x0000000087600000, 0x0000000087700000|  0%| F|  |TAMS 0x0000000087600000, 0x0000000087600000| Untracked 
|  71|0x0000000087700000, 0x0000000087700000, 0x0000000087800000|  0%| F|  |TAMS 0x0000000087700000, 0x0000000087700000| Untracked 
|  72|0x0000000087800000, 0x0000000087800000, 0x0000000087900000|  0%| F|  |TAMS 0x0000000087800000, 0x0000000087800000| Untracked 
|  73|0x0000000087900000, 0x0000000087900000, 0x0000000087a00000|  0%| F|  |TAMS 0x0000000087900000, 0x0000000087900000| Untracked 
|  74|0x0000000087a00000, 0x0000000087a00000, 0x0000000087b00000|  0%| F|  |TAMS 0x0000000087a00000, 0x0000000087a00000| Untracked 
|  75|0x0000000087b00000, 0x0000000087b00000, 0x0000000087c00000|  0%| F|  |TAMS 0x0000000087b00000, 0x0000000087b00000| Untracked 
|  76|0x0000000087c00000, 0x0000000087c00000, 0x0000000087d00000|  0%| F|  |TAMS 0x0000000087c00000, 0x0000000087c00000| Untracked 
|  77|0x0000000087d00000, 0x0000000087d00000, 0x0000000087e00000|  0%| F|  |TAMS 0x0000000087d00000, 0x0000000087d00000| Untracked 
|  78|0x0000000087e00000, 0x0000000087e00000, 0x0000000087f00000|  0%| F|  |TAMS 0x0000000087e00000, 0x0000000087e00000| Untracked 
|  79|0x0000000087f00000, 0x0000000087fdfc20, 0x0000000088000000| 87%| S|CS|TAMS 0x0000000087f00000, 0x0000000087f00000| Complete 
|  80|0x0000000088000000, 0x0000000088100000, 0x0000000088100000|100%| S|CS|TAMS 0x0000000088000000, 0x0000000088000000| Complete 
|  81|0x0000000088100000, 0x0000000088200000, 0x0000000088200000|100%| S|CS|TAMS 0x0000000088100000, 0x0000000088100000| Complete 
|  82|0x0000000088200000, 0x0000000088300000, 0x0000000088300000|100%| S|CS|TAMS 0x0000000088200000, 0x0000000088200000| Complete 
|  83|0x0000000088300000, 0x0000000088400000, 0x0000000088400000|100%| S|CS|TAMS 0x0000000088300000, 0x0000000088300000| Complete 
|  84|0x0000000088400000, 0x0000000088500000, 0x0000000088500000|100%| S|CS|TAMS 0x0000000088400000, 0x0000000088400000| Complete 
|  85|0x0000000088500000, 0x0000000088600000, 0x0000000088600000|100%| S|CS|TAMS 0x0000000088500000, 0x0000000088500000| Complete 
|  86|0x0000000088600000, 0x0000000088700000, 0x0000000088700000|100%| S|CS|TAMS 0x0000000088600000, 0x0000000088600000| Complete 
|  87|0x0000000088700000, 0x0000000088800000, 0x0000000088800000|100%| S|CS|TAMS 0x0000000088700000, 0x0000000088700000| Complete 
|  88|0x0000000088800000, 0x0000000088800000, 0x0000000088900000|  0%| F|  |TAMS 0x0000000088800000, 0x0000000088800000| Untracked 
|  89|0x0000000088900000, 0x0000000088900000, 0x0000000088a00000|  0%| F|  |TAMS 0x0000000088900000, 0x0000000088900000| Untracked 
|  90|0x0000000088a00000, 0x0000000088a00000, 0x0000000088b00000|  0%| F|  |TAMS 0x0000000088a00000, 0x0000000088a00000| Untracked 
|  91|0x0000000088b00000, 0x0000000088b00000, 0x0000000088c00000|  0%| F|  |TAMS 0x0000000088b00000, 0x0000000088b00000| Untracked 
|  92|0x0000000088c00000, 0x0000000088c00000, 0x0000000088d00000|  0%| F|  |TAMS 0x0000000088c00000, 0x0000000088c00000| Untracked 
|  93|0x0000000088d00000, 0x0000000088d00000, 0x0000000088e00000|  0%| F|  |TAMS 0x0000000088d00000, 0x0000000088d00000| Untracked 
|  94|0x0000000088e00000, 0x0000000088e00000, 0x0000000088f00000|  0%| F|  |TAMS 0x0000000088e00000, 0x0000000088e00000| Untracked 
|  95|0x0000000088f00000, 0x0000000088f00000, 0x0000000089000000|  0%| F|  |TAMS 0x0000000088f00000, 0x0000000088f00000| Untracked 
|  96|0x0000000089000000, 0x0000000089000000, 0x0000000089100000|  0%| F|  |TAMS 0x0000000089000000, 0x0000000089000000| Untracked 
|  97|0x0000000089100000, 0x0000000089100000, 0x0000000089200000|  0%| F|  |TAMS 0x0000000089100000, 0x0000000089100000| Untracked 
|  98|0x0000000089200000, 0x0000000089200000, 0x0000000089300000|  0%| F|  |TAMS 0x0000000089200000, 0x0000000089200000| Untracked 
|  99|0x0000000089300000, 0x0000000089300000, 0x0000000089400000|  0%| F|  |TAMS 0x0000000089300000, 0x0000000089300000| Untracked 
| 100|0x0000000089400000, 0x0000000089400000, 0x0000000089500000|  0%| F|  |TAMS 0x0000000089400000, 0x0000000089400000| Untracked 
| 101|0x0000000089500000, 0x0000000089500000, 0x0000000089600000|  0%| F|  |TAMS 0x0000000089500000, 0x0000000089500000| Untracked 
| 102|0x0000000089600000, 0x0000000089600000, 0x0000000089700000|  0%| F|  |TAMS 0x0000000089600000, 0x0000000089600000| Untracked 
| 103|0x0000000089700000, 0x0000000089700000, 0x0000000089800000|  0%| F|  |TAMS 0x0000000089700000, 0x0000000089700000| Untracked 
| 104|0x0000000089800000, 0x0000000089800000, 0x0000000089900000|  0%| F|  |TAMS 0x0000000089800000, 0x0000000089800000| Untracked 
| 105|0x0000000089900000, 0x0000000089900000, 0x0000000089a00000|  0%| F|  |TAMS 0x0000000089900000, 0x0000000089900000| Untracked 
| 106|0x0000000089a00000, 0x0000000089a00000, 0x0000000089b00000|  0%| F|  |TAMS 0x0000000089a00000, 0x0000000089a00000| Untracked 
| 107|0x0000000089b00000, 0x0000000089b00000, 0x0000000089c00000|  0%| F|  |TAMS 0x0000000089b00000, 0x0000000089b00000| Untracked 
| 108|0x0000000089c00000, 0x0000000089c00000, 0x0000000089d00000|  0%| F|  |TAMS 0x0000000089c00000, 0x0000000089c00000| Untracked 
| 109|0x0000000089d00000, 0x0000000089d00000, 0x0000000089e00000|  0%| F|  |TAMS 0x0000000089d00000, 0x0000000089d00000| Untracked 
| 110|0x0000000089e00000, 0x0000000089e00000, 0x0000000089f00000|  0%| F|  |TAMS 0x0000000089e00000, 0x0000000089e00000| Untracked 
| 111|0x0000000089f00000, 0x0000000089f00000, 0x000000008a000000|  0%| F|  |TAMS 0x0000000089f00000, 0x0000000089f00000| Untracked 
| 112|0x000000008a000000, 0x000000008a000000, 0x000000008a100000|  0%| F|  |TAMS 0x000000008a000000, 0x000000008a000000| Untracked 
| 113|0x000000008a100000, 0x000000008a100000, 0x000000008a200000|  0%| F|  |TAMS 0x000000008a100000, 0x000000008a100000| Untracked 
| 114|0x000000008a200000, 0x000000008a200000, 0x000000008a300000|  0%| F|  |TAMS 0x000000008a200000, 0x000000008a200000| Untracked 
| 115|0x000000008a300000, 0x000000008a300000, 0x000000008a400000|  0%| F|  |TAMS 0x000000008a300000, 0x000000008a300000| Untracked 
| 116|0x000000008a400000, 0x000000008a400000, 0x000000008a500000|  0%| F|  |TAMS 0x000000008a400000, 0x000000008a400000| Untracked 
| 117|0x000000008a500000, 0x000000008a500000, 0x000000008a600000|  0%| F|  |TAMS 0x000000008a500000, 0x000000008a500000| Untracked 
| 118|0x000000008a600000, 0x000000008a600000, 0x000000008a700000|  0%| F|  |TAMS 0x000000008a600000, 0x000000008a600000| Untracked 
| 119|0x000000008a700000, 0x000000008a700000, 0x000000008a800000|  0%| F|  |TAMS 0x000000008a700000, 0x000000008a700000| Untracked 
| 120|0x000000008a800000, 0x000000008a800000, 0x000000008a900000|  0%| F|  |TAMS 0x000000008a800000, 0x000000008a800000| Untracked 
| 121|0x000000008a900000, 0x000000008a900000, 0x000000008aa00000|  0%| F|  |TAMS 0x000000008a900000, 0x000000008a900000| Untracked 
| 122|0x000000008aa00000, 0x000000008aa00000, 0x000000008ab00000|  0%| F|  |TAMS 0x000000008aa00000, 0x000000008aa00000| Untracked 
| 123|0x000000008ab00000, 0x000000008ab00000, 0x000000008ac00000|  0%| F|  |TAMS 0x000000008ab00000, 0x000000008ab00000| Untracked 
| 124|0x000000008ac00000, 0x000000008ac00000, 0x000000008ad00000|  0%| F|  |TAMS 0x000000008ac00000, 0x000000008ac00000| Untracked 
| 125|0x000000008ad00000, 0x000000008ad00000, 0x000000008ae00000|  0%| F|  |TAMS 0x000000008ad00000, 0x000000008ad00000| Untracked 
| 126|0x000000008ae00000, 0x000000008ae00000, 0x000000008af00000|  0%| F|  |TAMS 0x000000008ae00000, 0x000000008ae00000| Untracked 
| 127|0x000000008af00000, 0x000000008af00000, 0x000000008b000000|  0%| F|  |TAMS 0x000000008af00000, 0x000000008af00000| Untracked 
| 128|0x000000008b000000, 0x000000008b000000, 0x000000008b100000|  0%| F|  |TAMS 0x000000008b000000, 0x000000008b000000| Untracked 
| 129|0x000000008b100000, 0x000000008b100000, 0x000000008b200000|  0%| F|  |TAMS 0x000000008b100000, 0x000000008b100000| Untracked 
| 130|0x000000008b200000, 0x000000008b200000, 0x000000008b300000|  0%| F|  |TAMS 0x000000008b200000, 0x000000008b200000| Untracked 
| 131|0x000000008b300000, 0x000000008b300000, 0x000000008b400000|  0%| F|  |TAMS 0x000000008b300000, 0x000000008b300000| Untracked 
| 132|0x000000008b400000, 0x000000008b400000, 0x000000008b500000|  0%| F|  |TAMS 0x000000008b400000, 0x000000008b400000| Untracked 
| 133|0x000000008b500000, 0x000000008b500000, 0x000000008b600000|  0%| F|  |TAMS 0x000000008b500000, 0x000000008b500000| Untracked 
| 134|0x000000008b600000, 0x000000008b600000, 0x000000008b700000|  0%| F|  |TAMS 0x000000008b600000, 0x000000008b600000| Untracked 
| 135|0x000000008b700000, 0x000000008b800000, 0x000000008b800000|100%| E|  |TAMS 0x000000008b700000, 0x000000008b700000| Complete 
| 136|0x000000008b800000, 0x000000008b900000, 0x000000008b900000|100%| E|CS|TAMS 0x000000008b800000, 0x000000008b800000| Complete 
| 137|0x000000008b900000, 0x000000008ba00000, 0x000000008ba00000|100%| E|CS|TAMS 0x000000008b900000, 0x000000008b900000| Complete 
| 138|0x000000008ba00000, 0x000000008bb00000, 0x000000008bb00000|100%| E|CS|TAMS 0x000000008ba00000, 0x000000008ba00000| Complete 
| 139|0x000000008bb00000, 0x000000008bc00000, 0x000000008bc00000|100%| E|CS|TAMS 0x000000008bb00000, 0x000000008bb00000| Complete 
| 140|0x000000008bc00000, 0x000000008bd00000, 0x000000008bd00000|100%| E|CS|TAMS 0x000000008bc00000, 0x000000008bc00000| Complete 
| 141|0x000000008bd00000, 0x000000008be00000, 0x000000008be00000|100%| E|CS|TAMS 0x000000008bd00000, 0x000000008bd00000| Complete 
| 142|0x000000008be00000, 0x000000008bf00000, 0x000000008bf00000|100%| E|CS|TAMS 0x000000008be00000, 0x000000008be00000| Complete 
| 143|0x000000008bf00000, 0x000000008c000000, 0x000000008c000000|100%| E|CS|TAMS 0x000000008bf00000, 0x000000008bf00000| Complete 
| 144|0x000000008c000000, 0x000000008c100000, 0x000000008c100000|100%| E|CS|TAMS 0x000000008c000000, 0x000000008c000000| Complete 
| 145|0x000000008c100000, 0x000000008c200000, 0x000000008c200000|100%| E|CS|TAMS 0x000000008c100000, 0x000000008c100000| Complete 
| 146|0x000000008c200000, 0x000000008c300000, 0x000000008c300000|100%| E|CS|TAMS 0x000000008c200000, 0x000000008c200000| Complete 
| 147|0x000000008c300000, 0x000000008c400000, 0x000000008c400000|100%| E|CS|TAMS 0x000000008c300000, 0x000000008c300000| Complete 
| 148|0x000000008c400000, 0x000000008c500000, 0x000000008c500000|100%| E|CS|TAMS 0x000000008c400000, 0x000000008c400000| Complete 
| 149|0x000000008c500000, 0x000000008c600000, 0x000000008c600000|100%| E|CS|TAMS 0x000000008c500000, 0x000000008c500000| Complete 
| 150|0x000000008c600000, 0x000000008c700000, 0x000000008c700000|100%| E|CS|TAMS 0x000000008c600000, 0x000000008c600000| Complete 
| 151|0x000000008c700000, 0x000000008c800000, 0x000000008c800000|100%| E|CS|TAMS 0x000000008c700000, 0x000000008c700000| Complete 
| 152|0x000000008c800000, 0x000000008c900000, 0x000000008c900000|100%| E|CS|TAMS 0x000000008c800000, 0x000000008c800000| Complete 

Card table byte_map: [0x0000020f197b0000,0x0000020f19ba0000] _byte_map_base: 0x0000020f19398000

Marking Bits (Prev, Next): (CMBitMap*) 0x0000020f046b2838, (CMBitMap*) 0x0000020f046b2870
 Prev Bits: [0x0000020f19f90000, 0x0000020f1bed0000)
 Next Bits: [0x0000020f1bed0000, 0x0000020f1de10000)

Polling page: 0x0000020f04420000

Metaspace:

Usage:
  Non-class:     49.84 MB capacity,    49.47 MB (>99%) used,   289.55 KB ( <1%) free+waste,    91.88 KB ( <1%) overhead. 
      Class:      6.79 MB capacity,     6.50 MB ( 96%) used,   255.61 KB (  4%) free+waste,    41.69 KB ( <1%) overhead. 
       Both:     56.63 MB capacity,    55.97 MB ( 99%) used,   545.16 KB ( <1%) free+waste,   133.56 KB ( <1%) overhead. 

Virtual space:
  Non-class space:       50.00 MB reserved,      50.00 MB (100%) committed 
      Class space:        1.00 GB reserved,       6.88 MB ( <1%) committed 
             Both:        1.05 GB reserved,      56.88 MB (  5%) committed 

Chunk freelists:
   Non-Class:  34.00 KB
       Class:  20.00 KB
        Both:  54.00 KB

MaxMetaspaceSize: 17179869184.00 GB
CompressedClassSpaceSize: 1.00 GB

CodeHeap 'non-profiled nmethods': size=120000Kb used=2783Kb max_used=2783Kb free=117216Kb
 bounds [0x0000020f11430000, 0x0000020f116f0000, 0x0000020f18960000]
CodeHeap 'profiled nmethods': size=120000Kb used=14055Kb max_used=14055Kb free=105944Kb
 bounds [0x0000020f09f00000, 0x0000020f0acc0000, 0x0000020f11430000]
CodeHeap 'non-nmethods': size=5760Kb used=1232Kb max_used=1309Kb free=4527Kb
 bounds [0x0000020f09960000, 0x0000020f09bd0000, 0x0000020f09f00000]
 total_blobs=6449 nmethods=5867 adapters=490
 compilation: enabled
              stopped_count=0, restarted_count=0
 full_count=0

Compilation events (20 events):
Event: 3.809 Thread 0x0000020f21174800 nmethod 5863 0x0000020f116def10 code [0x0000020f116df0c0, 0x0000020f116df178]
Event: 3.809 Thread 0x0000020f21174800 5864       1       org.jetbrains.kotlin.serialization.deserialization.ClassDeserializer$ClassKey::getClassData (5 bytes)
Event: 3.809 Thread 0x0000020f21174800 nmethod 5864 0x0000020f116df210 code [0x0000020f116df3c0, 0x0000020f116df478]
Event: 3.809 Thread 0x0000020f21174800 5865       1       org.jetbrains.kotlin.serialization.deserialization.ClassData::component3 (5 bytes)
Event: 3.810 Thread 0x0000020f21174800 nmethod 5865 0x0000020f116df510 code [0x0000020f116df6c0, 0x0000020f116df778]
Event: 3.810 Thread 0x0000020f21174800 5866       1       org.jetbrains.kotlin.serialization.deserialization.ClassData::component4 (5 bytes)
Event: 3.810 Thread 0x0000020f21174800 nmethod 5866 0x0000020f116df810 code [0x0000020f116df9c0, 0x0000020f116dfa78]
Event: 3.810 Thread 0x0000020f21174800 5867       1       org.jetbrains.kotlin.metadata.ProtoBuf$Class::getTypeParameterList (5 bytes)
Event: 3.810 Thread 0x0000020f21174800 nmethod 5867 0x0000020f116dfb10 code [0x0000020f116dfcc0, 0x0000020f116dfd78]
Event: 3.810 Thread 0x0000020f21174800 5868       1       org.jetbrains.kotlin.serialization.deserialization.DeserializationComponents::getPackageFragmentProvider (5 bytes)
Event: 3.810 Thread 0x0000020f21174800 nmethod 5868 0x0000020f116dfe10 code [0x0000020f116dffc0, 0x0000020f116e0078]
Event: 3.810 Thread 0x0000020f21174800 5860       1       org.jetbrains.kotlin.resolve.lazy.LazyImportResolver::getIndexedImports (5 bytes)
Event: 3.810 Thread 0x0000020f21174800 nmethod 5860 0x0000020f116e0110 code [0x0000020f116e02c0, 0x0000020f116e0378]
Event: 3.810 Thread 0x0000020f21174800 5856       1       org.jetbrains.kotlin.resolve.CompilerDeserializationConfiguration::getSkipPrereleaseCheck (5 bytes)
Event: 3.810 Thread 0x0000020f21174800 nmethod 5856 0x0000020f116e0410 code [0x0000020f116e05c0, 0x0000020f116e0678]
Event: 3.810 Thread 0x0000020f21174800 5857       1       org.jetbrains.kotlin.serialization.deserialization.descriptors.DeserializedMemberScope$OptimizedImplementation::access$getFunctionProtosBytes$p (5 bytes)
Event: 3.810 Thread 0x0000020f21174800 nmethod 5857 0x0000020f116e0710 code [0x0000020f116e08c0, 0x0000020f116e0958]
Event: 3.810 Thread 0x0000020f21174800 5858       1       org.jetbrains.kotlin.serialization.deserialization.descriptors.DeserializedMemberScope$OptimizedImplementation::access$getPropertyProtosBytes$p (5 bytes)
Event: 3.810 Thread 0x0000020f21174800 nmethod 5858 0x0000020f116e0a10 code [0x0000020f116e0bc0, 0x0000020f116e0c58]
Event: 3.817 Thread 0x0000020f21174800 5870       3       org.jetbrains.kotlin.load.java.lazy.descriptors.JvmPackageScope::getKotlinScopes (17 bytes)

GC Heap History (14 events):
Event: 0.442 GC heap before
{Heap before GC invocations=0 (full 0):
 garbage-first heap   total 129024K, used 27648K [0x0000000083000000, 0x0000000100000000)
  region size 1024K, 24 young (24576K), 0 survivors (0K)
 Metaspace       used 12367K, capacity 12504K, committed 12800K, reserved 1060864K
  class space    used 1165K, capacity 1207K, committed 1280K, reserved 1048576K
}
Event: 0.445 GC heap after
{Heap after GC invocations=1 (full 0):
 garbage-first heap   total 129024K, used 5834K [0x0000000083000000, 0x0000000100000000)
  region size 1024K, 3 young (3072K), 3 survivors (3072K)
 Metaspace       used 12367K, capacity 12504K, committed 12800K, reserved 1060864K
  class space    used 1165K, capacity 1207K, committed 1280K, reserved 1048576K
}
Event: 0.894 GC heap before
{Heap before GC invocations=1 (full 0):
 garbage-first heap   total 129024K, used 40650K [0x0000000083000000, 0x0000000100000000)
  region size 1024K, 38 young (38912K), 3 survivors (3072K)
 Metaspace       used 20726K, capacity 20994K, committed 21248K, reserved 1069056K
  class space    used 2203K, capacity 2280K, committed 2304K, reserved 1048576K
}
Event: 0.904 GC heap after
{Heap after GC invocations=2 (full 0):
 garbage-first heap   total 129024K, used 9201K [0x0000000083000000, 0x0000000100000000)
  region size 1024K, 6 young (6144K), 6 survivors (6144K)
 Metaspace       used 20726K, capacity 20994K, committed 21248K, reserved 1069056K
  class space    used 2203K, capacity 2280K, committed 2304K, reserved 1048576K
}
Event: 1.567 GC heap before
{Heap before GC invocations=3 (full 0):
 garbage-first heap   total 129024K, used 63473K [0x0000000083000000, 0x0000000100000000)
  region size 1024K, 54 young (55296K), 6 survivors (6144K)
 Metaspace       used 32375K, capacity 32888K, committed 33024K, reserved 1077248K
  class space    used 4092K, capacity 4320K, committed 4352K, reserved 1048576K
}
Event: 1.578 GC heap after
{Heap after GC invocations=4 (full 0):
 garbage-first heap   total 129024K, used 20411K [0x0000000083000000, 0x0000000100000000)
  region size 1024K, 7 young (7168K), 7 survivors (7168K)
 Metaspace       used 32375K, capacity 32888K, committed 33024K, reserved 1077248K
  class space    used 4092K, capacity 4320K, committed 4352K, reserved 1048576K
}
Event: 1.669 GC heap before
{Heap before GC invocations=4 (full 0):
 garbage-first heap   total 129024K, used 28603K [0x0000000083000000, 0x0000000100000000)
  region size 1024K, 16 young (16384K), 7 survivors (7168K)
 Metaspace       used 34793K, capacity 35325K, committed 35584K, reserved 1081344K
  class space    used 4376K, capacity 4578K, committed 4608K, reserved 1048576K
}
Event: 1.681 GC heap after
{Heap after GC invocations=5 (full 0):
 garbage-first heap   total 129024K, used 21504K [0x0000000083000000, 0x0000000100000000)
  region size 1024K, 1 young (1024K), 1 survivors (1024K)
 Metaspace       used 34793K, capacity 35325K, committed 35584K, reserved 1081344K
  class space    used 4376K, capacity 4578K, committed 4608K, reserved 1048576K
}
Event: 2.152 GC heap before
{Heap before GC invocations=6 (full 0):
 garbage-first heap   total 129024K, used 65536K [0x0000000083000000, 0x0000000100000000)
  region size 1024K, 44 young (45056K), 1 survivors (1024K)
 Metaspace       used 42743K, capacity 43247K, committed 43520K, reserved 1087488K
  class space    used 5160K, capacity 5361K, committed 5376K, reserved 1048576K
}
Event: 2.157 GC heap after
{Heap after GC invocations=7 (full 0):
 garbage-first heap   total 156672K, used 23017K [0x0000000083000000, 0x0000000100000000)
  region size 1024K, 5 young (5120K), 5 survivors (5120K)
 Metaspace       used 42743K, capacity 43247K, committed 43520K, reserved 1087488K
  class space    used 5160K, capacity 5361K, committed 5376K, reserved 1048576K
}
Event: 2.890 GC heap before
{Heap before GC invocations=7 (full 0):
 garbage-first heap   total 156672K, used 81385K [0x0000000083000000, 0x0000000100000000)
  region size 1024K, 59 young (60416K), 5 survivors (5120K)
 Metaspace       used 51670K, capacity 52369K, committed 52480K, reserved 1095680K
  class space    used 6091K, capacity 6363K, committed 6400K, reserved 1048576K
}
Event: 2.902 GC heap after
{Heap after GC invocations=8 (full 0):
 garbage-first heap   total 156672K, used 33890K [0x0000000083000000, 0x0000000100000000)
  region size 1024K, 8 young (8192K), 8 survivors (8192K)
 Metaspace       used 51670K, capacity 52369K, committed 52480K, reserved 1095680K
  class space    used 6091K, capacity 6363K, committed 6400K, reserved 1048576K
}
Event: 3.660 GC heap before
{Heap before GC invocations=8 (full 0):
 garbage-first heap   total 156672K, used 92258K [0x0000000083000000, 0x0000000100000000)
  region size 1024K, 65 young (66560K), 8 survivors (8192K)
 Metaspace       used 56385K, capacity 57107K, committed 57344K, reserved 1099776K
  class space    used 6556K, capacity 6852K, committed 6912K, reserved 1048576K
}
Event: 3.672 GC heap after
{Heap after GC invocations=9 (full 0):
 garbage-first heap   total 156672K, used 42879K [0x0000000083000000, 0x0000000100000000)
  region size 1024K, 9 young (9216K), 9 survivors (9216K)
 Metaspace       used 56385K, capacity 57107K, committed 57344K, reserved 1099776K
  class space    used 6556K, capacity 6852K, committed 6912K, reserved 1048576K
}

Deoptimization events (20 events):
Event: 3.807 Thread 0x0000020f0466b000 Uncommon trap: trap_request=0xffffffde fr.pc=0x0000020f11666eec relative=0x0000000000001ccc
Event: 3.807 Thread 0x0000020f0466b000 Uncommon trap: reason=class_check action=maybe_recompile pc=0x0000020f11666eec method=org.jetbrains.kotlin.serialization.deserialization.descriptors.DeserializedPackageMemberScope.hasClass(Lorg/jetbrains/kotlin/name/Name;)Z @ 79 c2
Event: 3.807 Thread 0x0000020f0466b000 DEOPT PACKING pc=0x0000020f11666eec sp=0x000000745e9fad30
Event: 3.807 Thread 0x0000020f0466b000 DEOPT UNPACKING pc=0x0000020f099683af sp=0x000000745e9fac70 mode 2
Event: 3.807 Thread 0x0000020f0466b000 Uncommon trap: trap_request=0xffffffc6 fr.pc=0x0000020f1167fcbc relative=0x000000000000109c
Event: 3.807 Thread 0x0000020f0466b000 Uncommon trap: reason=bimorphic_or_optimized_type_check action=maybe_recompile pc=0x0000020f1167fcbc method=org.jetbrains.kotlin.serialization.deserialization.descriptors.DeserializedPackageMemberScope.hasClass(Lorg/jetbrains/kotlin/name/Name;)Z @ 38 c2
Event: 3.807 Thread 0x0000020f0466b000 DEOPT PACKING pc=0x0000020f1167fcbc sp=0x000000745e9facd0
Event: 3.807 Thread 0x0000020f0466b000 DEOPT UNPACKING pc=0x0000020f099683af sp=0x000000745e9fac60 mode 2
Event: 3.808 Thread 0x0000020f0466b000 Uncommon trap: trap_request=0xffffff4d fr.pc=0x0000020f11670b30 relative=0x0000000000000070
Event: 3.808 Thread 0x0000020f0466b000 Uncommon trap: reason=unstable_if action=reinterpret pc=0x0000020f11670b30 method=org.jetbrains.kotlin.types.ErrorUtils.isError(Lorg/jetbrains/kotlin/descriptors/DeclarationDescriptor;)Z @ 22 c2
Event: 3.808 Thread 0x0000020f0466b000 DEOPT PACKING pc=0x0000020f11670b30 sp=0x000000745e9fbd20
Event: 3.808 Thread 0x0000020f0466b000 DEOPT UNPACKING pc=0x0000020f099683af sp=0x000000745e9fbcc0 mode 2
Event: 3.817 Thread 0x0000020f0466b000 Uncommon trap: trap_request=0xffffffde fr.pc=0x0000020f116aed08 relative=0x0000000000000fa8
Event: 3.817 Thread 0x0000020f0466b000 Uncommon trap: reason=class_check action=maybe_recompile pc=0x0000020f116aed08 method=org.jetbrains.kotlin.load.java.lazy.descriptors.LazyJavaScope.getFunctionNamesLazy()Ljava/util/Set; @ 13 c2
Event: 3.817 Thread 0x0000020f0466b000 DEOPT PACKING pc=0x0000020f116aed08 sp=0x000000745e9fad60
Event: 3.817 Thread 0x0000020f0466b000 DEOPT UNPACKING pc=0x0000020f099683af sp=0x000000745e9fac70 mode 2
Event: 3.817 Thread 0x0000020f0466b000 Uncommon trap: trap_request=0xffffffde fr.pc=0x0000020f116aed08 relative=0x0000000000000fa8
Event: 3.817 Thread 0x0000020f0466b000 Uncommon trap: reason=class_check action=maybe_recompile pc=0x0000020f116aed08 method=org.jetbrains.kotlin.load.java.lazy.descriptors.LazyJavaScope.getFunctionNamesLazy()Ljava/util/Set; @ 13 c2
Event: 3.817 Thread 0x0000020f0466b000 DEOPT PACKING pc=0x0000020f116aed08 sp=0x000000745e9fad60
Event: 3.817 Thread 0x0000020f0466b000 DEOPT UNPACKING pc=0x0000020f099683af sp=0x000000745e9fac70 mode 2

Classes redefined (0 events):
No events

Internal exceptions (20 events):
Event: 1.156 Thread 0x0000020f0466b000 Exception <a 'sun/nio/fs/WindowsException'{0x0000000089d4c768}> (0x0000000089d4c768) thrown at [./src/hotspot/share/prims/jni.cpp, line 615]
Event: 1.156 Thread 0x0000020f0466b000 Exception <a 'sun/nio/fs/WindowsException'{0x0000000089d4cfb0}> (0x0000000089d4cfb0) thrown at [./src/hotspot/share/prims/jni.cpp, line 615]
Event: 1.157 Thread 0x0000020f0466b000 Exception <a 'java/lang/NoSuchMethodError'{0x0000000089d53a88}: 'void java.lang.invoke.DirectMethodHandle$Holder.invokeStatic(java.lang.Object, java.lang.Object, java.lang.Object, java.lang.Object)'> (0x0000000089d53a88) thrown at [./src/hotspot/share/interpreter/linkResolver.cpp, line 773]
Event: 1.202 Thread 0x0000020f0466b000 Exception <a 'java/lang/NoSuchMethodError'{0x00000000899374c0}: 'void java.lang.invoke.DirectMethodHandle$Holder.invokeStaticInit(java.lang.Object, java.lang.Object)'> (0x00000000899374c0) thrown at [./src/hotspot/share/interpreter/linkResolver.cpp, line 773]
Event: 1.283 Thread 0x0000020f0466b000 Exception <a 'java/lang/NoSuchMethodError'{0x000000008937e530}: 'void java.lang.invoke.DirectMethodHandle$Holder.invokeVirtual(java.lang.Object, java.lang.Object)'> (0x000000008937e530) thrown at [./src/hotspot/share/interpreter/linkResolver.cpp, line 773]
Event: 1.290 Thread 0x0000020f0466b000 Exception <a 'java/lang/NoSuchMethodError'{0x00000000893f08a0}: 'int java.lang.invoke.DirectMethodHandle$Holder.invokeVirtual(java.lang.Object, java.lang.Object)'> (0x00000000893f08a0) thrown at [./src/hotspot/share/interpreter/linkResolver.cpp, line 773]
Event: 1.735 Thread 0x0000020f0466b000 Exception <a 'java/lang/NoSuchMethodError'{0x000000008a948178}: 'java.lang.Object java.lang.invoke.DirectMethodHandle$Holder.invokeVirtual(java.lang.Object, java.lang.Object, java.lang.Object)'> (0x000000008a948178) thrown at [./src/hotspot/share/interpreter/linkResolver.cpp, line 773]
Event: 2.235 Thread 0x0000020f0466b000 Exception <a 'java/lang/NoSuchMethodError'{0x000000008c568218}: 'java.lang.Object java.lang.invoke.Invokers$Holder.linkToTargetMethod(java.lang.Object, int, java.lang.Object)'> (0x000000008c568218) thrown at [./src/hotspot/share/interpreter/linkResolver.cpp, line 773]
Event: 2.300 Thread 0x0000020f0466b000 Exception <a 'java/lang/NoSuchMethodError'{0x000000008c3d2098}: 'java.lang.Object java.lang.invoke.DirectMethodHandle$Holder.invokeStatic(java.lang.Object, java.lang.Object, java.lang.Object, int)'> (0x000000008c3d2098) thrown at [./src/hotspot/share/interpreter/linkResolver.cpp, line 773]
Event: 2.300 Thread 0x0000020f0466b000 Exception <a 'java/lang/NoSuchMethodError'{0x000000008c3d5d08}: 'java.lang.Object java.lang.invoke.DirectMethodHandle$Holder.invokeSpecial(java.lang.Object, java.lang.Object, java.lang.Object, java.lang.Object, int)'> (0x000000008c3d5d08) thrown at [./src/hotspot/share/interpreter/linkResolver.cpp, line 773]
Event: 2.301 Thread 0x0000020f0466b000 Exception <a 'java/lang/NoSuchMethodError'{0x000000008c3d9018}: 'java.lang.Object java.lang.invoke.Invokers$Holder.linkToTargetMethod(java.lang.Object, java.lang.Object, int, java.lang.Object)'> (0x000000008c3d9018) thrown at [./src/hotspot/share/interpreter/linkResolver.cpp, line 773]
Event: 3.031 Thread 0x0000020f0466b000 Exception <a 'java/lang/NoSuchMethodError'{0x000000008b9494e0}: 'java.lang.Object java.lang.invoke.DirectMethodHandle$Holder.invokeSpecial(java.lang.Object, java.lang.Object, java.lang.Object, java.lang.Object, java.lang.Object, java.lang.Object, java.lang.Object, java.lang.Object, java.lang.Object)'> (0x000000008b9494e0) thrown at [./src/hotspot/share/interpreter/linkResolver.cpp, line 773]
Event: 3.032 Thread 0x0000020f0466b000 Exception <a 'java/lang/NoSuchMethodError'{0x000000008b94d6d8}: 'java.lang.Object java.lang.invoke.Invokers$Holder.linkToTargetMethod(java.lang.Object, java.lang.Object, java.lang.Object, java.lang.Object, java.lang.Object, java.lang.Object, java.lang.Object, java.lang.Object)'> (0x000000008b94d6d8) thrown at [./src/hotspot/share/interpreter/linkResolver.cpp, line 773]
Event: 3.166 Thread 0x0000020f0466b000 Exception <a 'java/lang/NoSuchMethodError'{0x000000008b2d3d00}: 'java.lang.Object java.lang.invoke.DirectMethodHandle$Holder.invokeSpecial(java.lang.Object, java.lang.Object, java.lang.Object, java.lang.Object, java.lang.Object, int)'> (0x000000008b2d3d00) thrown at [./src/hotspot/share/interpreter/linkResolver.cpp, line 773]
Event: 3.166 Thread 0x0000020f0466b000 Exception <a 'java/lang/NoSuchMethodError'{0x000000008b2d78a0}: 'java.lang.Object java.lang.invoke.Invokers$Holder.linkToTargetMethod(java.lang.Object, java.lang.Object, java.lang.Object, int, java.lang.Object)'> (0x000000008b2d78a0) thrown at [./src/hotspot/share/interpreter/linkResolver.cpp, line 773]
Event: 3.241 Thread 0x0000020f0466b000 Exception <a 'java/lang/NoSuchMethodError'{0x000000008ad92ff0}: 'java.lang.Object java.lang.invoke.DirectMethodHandle$Holder.invokeStaticInit(java.lang.Object, java.lang.Object, java.lang.Object)'> (0x000000008ad92ff0) thrown at [./src/hotspot/share/interpreter/linkResolver.cpp, line 773]
Event: 3.571 Thread 0x0000020f0466b000 Implicit null exception at 0x0000020f114ca2f5 to 0x0000020f114ca4cc
Event: 3.718 Thread 0x0000020f0466b000 Exception <a 'java/lang/NoSuchMethodError'{0x000000008c490570}: 'int java.lang.invoke.DirectMethodHandle$Holder.invokeInterface(java.lang.Object, java.lang.Object)'> (0x000000008c490570) thrown at [./src/hotspot/share/interpreter/linkResolver.cpp, line 773]
Event: 3.723 Thread 0x0000020f0466b000 Exception <a 'java/lang/NoSuchMethodError'{0x000000008c4bf9c0}: 'java.lang.Object java.lang.invoke.DirectMethodHandle$Holder.invokeStatic(java.lang.Object, int, java.lang.Object, java.lang.Object)'> (0x000000008c4bf9c0) thrown at [./src/hotspot/share/interpreter/linkResolver.cpp, line 773]
Event: 3.765 Thread 0x0000020f0466b000 Exception <a 'java/lang/NoSuchMethodError'{0x000000008c202648}: 'java.lang.Object java.lang.invoke.Invokers$Holder.linkToTargetMethod(java.lang.Object, java.lang.Object, java.lang.Object, java.lang.Object, java.lang.Object, java.lang.Object)'> (0x000000008c202648) thrown at [./src/hotspot/share/interpreter/linkResolver.cpp, line 773]

Events (20 events):
Event: 3.815 loading class org/jetbrains/kotlin/resolve/calls/CallTransformer
Event: 3.815 loading class org/jetbrains/kotlin/resolve/calls/CallTransformer done
Event: 3.815 loading class org/jetbrains/kotlin/resolve/calls/CallTransformer$1
Event: 3.815 loading class org/jetbrains/kotlin/resolve/calls/CallTransformer$1 done
Event: 3.816 loading class org/jetbrains/kotlin/resolve/calls/CallTransformer$2
Event: 3.816 loading class org/jetbrains/kotlin/resolve/calls/CallTransformer$2 done
Event: 3.816 loading class org/jetbrains/kotlin/resolve/calls/model/KotlinCall$DefaultImpls
Event: 3.816 loading class org/jetbrains/kotlin/resolve/calls/model/KotlinCall$DefaultImpls done
Event: 3.816 loading class org/jetbrains/kotlin/resolve/calls/tower/ScopeTowerProcessorsKt$createFunctionProcessor$invokeExtensionProcessor$1
Event: 3.816 loading class org/jetbrains/kotlin/resolve/calls/tower/ScopeTowerProcessorsKt$createFunctionProcessor$invokeExtensionProcessor$1 done
Event: 3.816 loading class org/jetbrains/kotlin/resolve/calls/tower/InvokeExtensionTowerProcessor
Event: 3.816 loading class org/jetbrains/kotlin/resolve/calls/tower/InvokeExtensionTowerProcessor done
Event: 3.816 loading class org/jetbrains/kotlin/resolve/calls/tower/TowerData$OnlyImplicitReceiver
Event: 3.816 loading class org/jetbrains/kotlin/resolve/calls/tower/TowerData$OnlyImplicitReceiver done
Event: 3.817 loading class org/jetbrains/kotlin/resolve/lazy/LazyImportScope$getContributedFunctions$1
Event: 3.817 loading class org/jetbrains/kotlin/resolve/lazy/LazyImportScope$getContributedFunctions$1 done
Event: 3.817 loading class org/jetbrains/kotlin/resolve/LazyExplicitImportScope$getContributedFunctions$1
Event: 3.817 loading class org/jetbrains/kotlin/resolve/LazyExplicitImportScope$getContributedFunctions$1 done
Event: 3.817 loading class org/jetbrains/kotlin/load/java/sam/JavaSingleAbstractMethodUtils
Event: 3.817 loading class org/jetbrains/kotlin/load/java/sam/JavaSingleAbstractMethodUtils done


Dynamic libraries:
0x00007ff67fdf0000 - 0x00007ff67fdfa000 	D:\Program Files\Android\jre\bin\java.exe
0x00007ff96b640000 - 0x00007ff96b830000 	C:\Windows\SYSTEM32\ntdll.dll
0x00007ff969730000 - 0x00007ff9697e2000 	C:\Windows\System32\KERNEL32.DLL
0x00007ff969310000 - 0x00007ff9695b3000 	C:\Windows\System32\KERNELBASE.dll
0x00007ff9690c0000 - 0x00007ff9691ba000 	C:\Windows\System32\ucrtbase.dll
0x00007ff95e9f0000 - 0x00007ff95ea09000 	D:\Program Files\Android\jre\bin\jli.dll
0x00007ff95e9d0000 - 0x00007ff95e9e7000 	D:\Program Files\Android\jre\bin\VCRUNTIME140.dll
0x00007ff969850000 - 0x00007ff9699e4000 	C:\Windows\System32\USER32.dll
0x00007ff968610000 - 0x00007ff968631000 	C:\Windows\System32\win32u.dll
0x00007ff956de0000 - 0x00007ff957065000 	C:\Windows\WinSxS\amd64_microsoft.windows.common-controls_6595b64144ccf1df_6.0.18362.535_none_e6c3b34713100821\COMCTL32.dll
0x00007ff96b4b0000 - 0x00007ff96b4d6000 	C:\Windows\System32\GDI32.dll
0x00007ff968ed0000 - 0x00007ff969064000 	C:\Windows\System32\gdi32full.dll
0x00007ff96ad10000 - 0x00007ff96adae000 	C:\Windows\System32\msvcrt.dll
0x00007ff969690000 - 0x00007ff96972e000 	C:\Windows\System32\msvcp_win.dll
0x00007ff969b30000 - 0x00007ff969e66000 	C:\Windows\System32\combase.dll
0x00007ff96a190000 - 0x00007ff96a2b0000 	C:\Windows\System32\RPCRT4.dll
0x00007ff9695c0000 - 0x00007ff969640000 	C:\Windows\System32\bcryptPrimitives.dll
0x00007ff9699f0000 - 0x00007ff969a1e000 	C:\Windows\System32\IMM32.DLL
0x00007ff950f00000 - 0x00007ff950f9d000 	D:\Program Files\Android\jre\bin\msvcp140.dll
0x00007ff93f3e0000 - 0x00007ff93feb5000 	D:\Program Files\Android\jre\bin\server\jvm.dll
0x00007ff96ab80000 - 0x00007ff96ac23000 	C:\Windows\System32\ADVAPI32.dll
0x00007ff969a20000 - 0x00007ff969ab7000 	C:\Windows\System32\sechost.dll
0x00007ff96b5b0000 - 0x00007ff96b5b8000 	C:\Windows\System32\PSAPI.DLL
0x00007ff964c90000 - 0x00007ff964c99000 	C:\Windows\SYSTEM32\WSOCK32.dll
0x00007ff966250000 - 0x00007ff966274000 	C:\Windows\SYSTEM32\WINMM.dll
0x00007ff962ae0000 - 0x00007ff962aea000 	C:\Windows\SYSTEM32\VERSION.dll
0x00007ff96a780000 - 0x00007ff96a7ef000 	C:\Windows\System32\WS2_32.dll
0x00007ff966220000 - 0x00007ff96624d000 	C:\Windows\SYSTEM32\WINMMBASE.dll
0x00007ff969640000 - 0x00007ff96968a000 	C:\Windows\System32\cfgmgr32.dll
0x00007ff9685f0000 - 0x00007ff968601000 	C:\Windows\System32\kernel.appcore.dll
0x00007ff961930000 - 0x00007ff961941000 	D:\Program Files\Android\jre\bin\verify.dll
0x00007ff966e70000 - 0x00007ff967064000 	C:\Windows\SYSTEM32\DBGHELP.DLL
0x00007ff952720000 - 0x00007ff95274a000 	C:\Windows\SYSTEM32\dbgcore.DLL
0x00007ff961900000 - 0x00007ff961929000 	D:\Program Files\Android\jre\bin\java.dll
0x00007ff964b20000 - 0x00007ff964b2b000 	D:\Program Files\Android\jre\bin\jimage.dll
0x00007ff9618e0000 - 0x00007ff9618f8000 	D:\Program Files\Android\jre\bin\zip.dll
0x00007ff96adc0000 - 0x00007ff96b4a5000 	C:\Windows\System32\SHELL32.dll
0x00007ff96ac30000 - 0x00007ff96acd9000 	C:\Windows\System32\shcore.dll
0x00007ff968640000 - 0x00007ff968dbf000 	C:\Windows\System32\windows.storage.dll
0x00007ff9685d0000 - 0x00007ff9685ef000 	C:\Windows\System32\profapi.dll
0x00007ff968560000 - 0x00007ff9685aa000 	C:\Windows\System32\powrprof.dll
0x00007ff968550000 - 0x00007ff968560000 	C:\Windows\System32\UMPDC.dll
0x00007ff969f40000 - 0x00007ff969f92000 	C:\Windows\System32\shlwapi.dll
0x00007ff9690a0000 - 0x00007ff9690b7000 	C:\Windows\System32\cryptsp.dll
0x00007ff9617a0000 - 0x00007ff9617ba000 	D:\Program Files\Android\jre\bin\net.dll
0x00007ff9595f0000 - 0x00007ff9596e0000 	C:\Windows\SYSTEM32\WINHTTP.dll
0x00007ff967dc0000 - 0x00007ff967e27000 	C:\Windows\system32\mswsock.dll
0x00007ff9615e0000 - 0x00007ff9615f4000 	D:\Program Files\Android\jre\bin\nio.dll

dbghelp: loaded successfully - version: 4.0.5 - missing functions: none
symbol engine: initialized successfully - sym options: 0x614 - pdb path: .;D:\Program Files\Android\jre\bin;C:\Windows\SYSTEM32;C:\Windows\WinSxS\amd64_microsoft.windows.common-controls_6595b64144ccf1df_6.0.18362.535_none_e6c3b34713100821;D:\Program Files\Android\jre\bin\server

VM Arguments:
java_command: org.jetbrains.kotlin.cli.jvm.K2JVMCompiler @D:\MemoryGameApp\app\build\20220515_3675503086593508134.compiler.options
java_class_path (initial): D:\ProgramsfilesD\Android\Sdk\caches\modules-2\files-2.1\org.jetbrains.kotlin\kotlin-compiler-embeddable\1.6.21\97bdd5a752ce73b58ef16c17bc7f0ea2faff7a2e\kotlin-compiler-embeddable-1.6.21.jar;D:\ProgramsfilesD\Android\Sdk\caches\modules-2\files-2.1\org.jetbrains.kotlin\kotlin-reflect\1.6.21\5dc3574d9b7bebfcb4ec6b10ada4aaa9e140bd0b\kotlin-reflect-1.6.21.jar;D:\ProgramsfilesD\Android\Sdk\caches\modules-2\files-2.1\org.jetbrains.kotlin\kotlin-stdlib\1.6.21\11ef67f1900634fd951bad28c53ec957fabbe5b8\kotlin-stdlib-1.6.21.jar;D:\ProgramsfilesD\Android\Sdk\caches\modules-2\files-2.1\org.jetbrains.kotlin\kotlin-script-runtime\1.6.21\99c6675100da5d6d5b1c5a1032f27f28008d101b\kotlin-script-runtime-1.6.21.jar;D:\ProgramsfilesD\Android\Sdk\caches\modules-2\files-2.1\org.jetbrains.kotlin\kotlin-daemon-embeddable\1.6.21\46b78cf392e1c4f10854c3cadba44abb7b82250f\kotlin-daemon-embeddable-1.6.21.jar;D:\ProgramsfilesD\Android\Sdk\caches\modules-2\files-2.1\org.jetbrains.intellij.deps\trove4j\1.0.20200330\3afb14d5f9ceb459d724e907a21145e8ff394f02\trove4j-1.0.20200330.jar;D:\ProgramsfilesD\Android\Sdk\caches\modules-2\files-2.1\net.java.dev.jna\jna\5.6.0\330f2244e9030119ab3030fc3fededc86713d9cc\jna-5.6.0.jar;D:\ProgramsfilesD\Android\Sdk\caches\modules-2\files-2.1\org.jetbrains.kotlin\kotlin-stdlib-common\1.6.21\5e5b55c26dbc80372a920aef60eb774b714559b8\kotlin-stdlib-common-1.6.21.jar;D:\ProgramsfilesD\Android\Sdk\caches\modules-2\files-2.1\org.jetbrains\annotations\13.0\919f0dfe192fb4e063e7dacadee7f8bb9a2672a9\annotations-13.0.jar
Launcher Type: SUN_STANDARD

[Global flags]
     intx CICompilerCount                          = 4                                         {product} {ergonomic}
     uint ConcGCThreads                            = 2                                         {product} {ergonomic}
     uint G1ConcRefinementThreads                  = 8                                         {product} {ergonomic}
   size_t G1HeapRegionSize                         = 1048576                                   {product} {ergonomic}
    uintx GCDrainStackTargetSize                   = 64                                        {product} {ergonomic}
   size_t InitialHeapSize                          = 132120576                                 {product} {ergonomic}
   size_t MarkStackSize                            = 4194304                                   {product} {ergonomic}
   size_t MaxHeapSize                              = 2097152000                                {product} {ergonomic}
   size_t MaxNewSize                               = 1258291200                                {product} {ergonomic}
   size_t MinHeapDeltaBytes                        = 1048576                                   {product} {ergonomic}
    uintx NonNMethodCodeHeapSize                   = 5836300                                {pd product} {ergonomic}
    uintx NonProfiledCodeHeapSize                  = 122910970                              {pd product} {ergonomic}
    uintx ProfiledCodeHeapSize                     = 122910970                              {pd product} {ergonomic}
    uintx ReservedCodeCacheSize                    = 251658240                              {pd product} {ergonomic}
     bool SegmentedCodeCache                       = true                                      {product} {ergonomic}
     bool UseCompressedClassPointers               = true                                 {lp64_product} {ergonomic}
     bool UseCompressedOops                        = true                                 {lp64_product} {ergonomic}
     bool UseG1GC                                  = true                                      {product} {ergonomic}
     bool UseLargePagesIndividualAllocation        = false                                  {pd product} {ergonomic}

Logging:
Log output configuration:
 #0: stdout all=warning uptime,level,tags
 #1: stderr all=off uptime,level,tags

Environment Variables:
JAVA_HOME=D:\Program Files\Java
PATH=C:\PROGRA~2\Borland\CBUILD~1\Bin;C:\PROGRA~2\Borland\CBUILD~1\Projects\Bpl;C:\Program Files\Common Files\Oracle\Java\javapath;C:\Windows\system32;C:\Windows;C:\Windows\System32\Wbem;C:\Windows\System32\WindowsPowerShell\v1.0\;C:\Program Files (x86)\NVIDIA Corporation\PhysX\Common;C:\Program Files\NVIDIA Corporation\NVIDIA NvDLISR;C:\Program Files\Microsoft\Web Platform Installer\;C:\Program Files (x86)\Microsoft ASP.NET\ASP.NET Web Pages\v1.0\;C:\Program Files\Microsoft SQL Server\110\Tools\Binn\;C:\Program Files\Git\cmd;C:\Users\asus\AppData\Local\Programs\Python\Python310\Scripts\;C:\Users\asus\AppData\Local\Programs\Python\Python310\;C:\Users\asus\AppData\Local\Microsoft\WindowsApps;;D:\Program Files\JetBrains\IntelliJ IDEA Community Edition 2020.3\bin;
USERNAME=asus
OS=Windows_NT
PROCESSOR_IDENTIFIER=Intel64 Family 6 Model 126 Stepping 5, GenuineIntel



---------------  S Y S T E M  ---------------

OS: Windows 10 , 64 bit Build 18362 (10.0.18362.329)
OS uptime: 0 days 1:20 hours

CPU:total 8 (initial active 8) (4 cores per cpu, 2 threads per core) family 6 model 126 stepping 5 microcode 0x96, cmov, cx8, fxsr, mmx, sse, sse2, sse3, ssse3, sse4.1, sse4.2, popcnt, avx, avx2, aes, clmul, erms, 3dnowpref, lzcnt, ht, tsc, tscinvbit, bmi1, bmi2, adx, evex, sha, fma

Memory: 4k page, system-wide physical 7997M (855M free)
TotalPageFile size 7997M (AvailPageFile size 5M)
current process WorkingSet (physical memory assigned to process): 343M, peak: 343M
current process commit charge ("private bytes"): 413M, peak: 414M

vm_info: OpenJDK 64-Bit Server VM (11.0.11+9-b60-7590822) for windows-amd64 JRE (11.0.11+9-b60-7590822), built on Jul 29 2021 21:43:44 by "builder" with MS VC++ 14.0 (VS2015)

END.
