#
# There is insufficient memory for the Java Runtime Environment to continue.
# Native memory allocation (mmap) failed to map 132120576 bytes for Failed to commit area from 0x0000000083000000 to 0x000000008ae00000 of length 132120576.
# Possible reasons:
#   The system is out of physical RAM or swap space
#   The process is running with CompressedOops enabled, and the Java Heap may be blocking the growth of the native heap
# Possible solutions:
#   Reduce memory load on the system
#   Increase physical memory or swap space
#   Check if swap backing store is full
#   Decrease Java heap size (-Xmx/-Xms)
#   Decrease number of Java threads
#   Decrease Java thread stack sizes (-Xss)
#   Set larger code cache with -XX:ReservedCodeCacheSize=
# This output file may be truncated or incomplete.
#
#  Out of Memory Error (./src/hotspot/os/windows/os_windows.cpp:3301), pid=6088, tid=8452
#
# JRE version:  (11.0.11+9) (build )
# Java VM: OpenJDK 64-Bit Server VM (11.0.11+9-b60-7590822, mixed mode, sharing, tiered, compressed oops, g1 gc, windows-amd64)
# No core dump will be written. Minidumps are not enabled by default on client versions of Windows
#

---------------  S U M M A R Y ------------

Command Line: org.jetbrains.kotlin.cli.jvm.K2JVMCompiler @D:\MemoryGameApp\app\build\20220515_12399147896994954780.compiler.options

Host: Intel(R) Core(TM) i7-1065G7 CPU @ 1.30GHz, 8 cores, 7G,  Windows 10 , 64 bit Build 18362 (10.0.18362.329)
Time: Sun May 15 23:25:27 2022 Caiaaiay Acey (ceia) elapsed time: 0.007324 seconds (0d 0h 0m 0s)

---------------  T H R E A D  ---------------

Current thread (0x000002509a52a000):  JavaThread "Unknown thread" [_thread_in_vm, id=8452, stack(0x000000a550100000,0x000000a550200000)]

Stack: [0x000000a550100000,0x000000a550200000]
Native frames: (J=compiled Java code, j=interpreted, Vv=VM code, C=native code)
V  [jvm.dll+0x5f214a]
V  [jvm.dll+0x726fb5]
V  [jvm.dll+0x7285cd]
V  [jvm.dll+0x728c83]
V  [jvm.dll+0x243278]
V  [jvm.dll+0x5ef544]
V  [jvm.dll+0x5e4495]
V  [jvm.dll+0x2fec5b]
V  [jvm.dll+0x2febca]
V  [jvm.dll+0x2feaa2]
V  [jvm.dll+0x303986]
V  [jvm.dll+0x34c3a3]
V  [jvm.dll+0x34caa6]
V  [jvm.dll+0x34c4a3]
V  [jvm.dll+0x2d9688]
V  [jvm.dll+0x2da837]
V  [jvm.dll+0x705ba7]
V  [jvm.dll+0x70739c]
V  [jvm.dll+0x3598f9]
V  [jvm.dll+0x6e931e]
V  [jvm.dll+0x3c1c43]
V  [jvm.dll+0x3c3e81]
C  [jli.dll+0x5373]
C  [ucrtbase.dll+0x20e72]
C  [KERNEL32.DLL+0x17bd4]
C  [ntdll.dll+0x6ced1]


---------------  P R O C E S S  ---------------

Threads class SMR info:
_java_thread_list=0x000002509a426bf0, length=0, elements={
}

Java Threads: ( => current thread )

Other Threads:
  0x000002509a542800 GCTaskThread "GC Thread#0" [stack: 0x000000a550200000,0x000000a550300000] [id=2876]
  0x000002509a574800 ConcurrentGCThread "G1 Main Marker" [stack: 0x000000a550300000,0x000000a550400000] [id=9272]
  0x000002509a576000 ConcurrentGCThread "G1 Conc#0" [stack: 0x000000a550400000,0x000000a550500000] [id=7628]

[error occurred during error reporting (printing all threads), id 0xc0000005, EXCEPTION_ACCESS_VIOLATION (0xc0000005) at pc=0x00007ff933c89c47]

VM state:not at safepoint (not fully initialized)

VM Mutex/Monitor currently owned by a thread:  ([mutex/lock_event])
[0x000002509a526cf0] Heap_lock - owner thread: 0x000002509a52a000

Heap address: 0x0000000083000000, size: 2000 MB, Compressed Oops mode: Non-zero based: 0x0000000083000000
Narrow klass base: 0x0000000000000000, Narrow klass shift: 0

GC Heap History (0 events):
No events

Deoptimization events (0 events):
No events

Classes redefined (0 events):
No events

Internal exceptions (0 events):
No events

Events (1 events):
Event: 0.003 Loaded shared library D:\Program Files\Android\jre\bin\zip.dll


Dynamic libraries:
0x00007ff67fdf0000 - 0x00007ff67fdfa000 	D:\Program Files\Android\jre\bin\java.exe
0x00007ff96b640000 - 0x00007ff96b830000 	C:\Windows\SYSTEM32\ntdll.dll
0x00007ff969730000 - 0x00007ff9697e2000 	C:\Windows\System32\KERNEL32.DLL
0x00007ff969310000 - 0x00007ff9695b3000 	C:\Windows\System32\KERNELBASE.dll
0x00007ff9690c0000 - 0x00007ff9691ba000 	C:\Windows\System32\ucrtbase.dll
0x00007ff9615e0000 - 0x00007ff9615f7000 	D:\Program Files\Android\jre\bin\VCRUNTIME140.dll
0x00007ff9618e0000 - 0x00007ff9618f9000 	D:\Program Files\Android\jre\bin\jli.dll
0x00007ff969850000 - 0x00007ff9699e4000 	C:\Windows\System32\USER32.dll
0x00007ff968610000 - 0x00007ff968631000 	C:\Windows\System32\win32u.dll
0x00007ff956de0000 - 0x00007ff957065000 	C:\Windows\WinSxS\amd64_microsoft.windows.common-controls_6595b64144ccf1df_6.0.18362.535_none_e6c3b34713100821\COMCTL32.dll
0x00007ff96b4b0000 - 0x00007ff96b4d6000 	C:\Windows\System32\GDI32.dll
0x00007ff96ad10000 - 0x00007ff96adae000 	C:\Windows\System32\msvcrt.dll
0x00007ff968ed0000 - 0x00007ff969064000 	C:\Windows\System32\gdi32full.dll
0x00007ff969690000 - 0x00007ff96972e000 	C:\Windows\System32\msvcp_win.dll
0x00007ff969b30000 - 0x00007ff969e66000 	C:\Windows\System32\combase.dll
0x00007ff96a190000 - 0x00007ff96a2b0000 	C:\Windows\System32\RPCRT4.dll
0x00007ff9695c0000 - 0x00007ff969640000 	C:\Windows\System32\bcryptPrimitives.dll
0x00007ff9699f0000 - 0x00007ff969a1e000 	C:\Windows\System32\IMM32.DLL
0x00007ff950f00000 - 0x00007ff950f9d000 	D:\Program Files\Android\jre\bin\msvcp140.dll
0x00007ff9339a0000 - 0x00007ff934475000 	D:\Program Files\Android\jre\bin\server\jvm.dll
0x00007ff96ab80000 - 0x00007ff96ac23000 	C:\Windows\System32\ADVAPI32.dll
0x00007ff969a20000 - 0x00007ff969ab7000 	C:\Windows\System32\sechost.dll
0x00007ff96b5b0000 - 0x00007ff96b5b8000 	C:\Windows\System32\PSAPI.DLL
0x00007ff966250000 - 0x00007ff966274000 	C:\Windows\SYSTEM32\WINMM.dll
0x00007ff964c90000 - 0x00007ff964c99000 	C:\Windows\SYSTEM32\WSOCK32.dll
0x00007ff962ae0000 - 0x00007ff962aea000 	C:\Windows\SYSTEM32\VERSION.dll
0x00007ff966220000 - 0x00007ff96624d000 	C:\Windows\SYSTEM32\winmmbase.dll
0x00007ff96a780000 - 0x00007ff96a7ef000 	C:\Windows\System32\WS2_32.dll
0x00007ff969640000 - 0x00007ff96968a000 	C:\Windows\System32\cfgmgr32.dll
0x00007ff9685f0000 - 0x00007ff968601000 	C:\Windows\System32\kernel.appcore.dll
0x00007ff9605c0000 - 0x00007ff9605d1000 	D:\Program Files\Android\jre\bin\verify.dll
0x00007ff966e70000 - 0x00007ff967064000 	C:\Windows\SYSTEM32\DBGHELP.DLL
0x00007ff952720000 - 0x00007ff95274a000 	C:\Windows\SYSTEM32\dbgcore.DLL
0x00007ff95ebd0000 - 0x00007ff95ebf9000 	D:\Program Files\Android\jre\bin\java.dll
0x00007ff960c70000 - 0x00007ff960c7b000 	D:\Program Files\Android\jre\bin\jimage.dll
0x00007ff95ebb0000 - 0x00007ff95ebc8000 	D:\Program Files\Android\jre\bin\zip.dll

dbghelp: loaded successfully - version: 4.0.5 - missing functions: none
symbol engine: initialized successfully - sym options: 0x614 - pdb path: .;D:\Program Files\Android\jre\bin;C:\Windows\SYSTEM32;C:\Windows\WinSxS\amd64_microsoft.windows.common-controls_6595b64144ccf1df_6.0.18362.535_none_e6c3b34713100821;D:\Program Files\Android\jre\bin\server

VM Arguments:
java_command: org.jetbrains.kotlin.cli.jvm.K2JVMCompiler @D:\MemoryGameApp\app\build\20220515_12399147896994954780.compiler.options
java_class_path (initial): D:\ProgramsfilesD\Android\Sdk\caches\modules-2\files-2.1\org.jetbrains.kotlin\kotlin-compiler-embeddable\1.6.21\97bdd5a752ce73b58ef16c17bc7f0ea2faff7a2e\kotlin-compiler-embeddable-1.6.21.jar;D:\ProgramsfilesD\Android\Sdk\caches\modules-2\files-2.1\org.jetbrains.kotlin\kotlin-reflect\1.6.21\5dc3574d9b7bebfcb4ec6b10ada4aaa9e140bd0b\kotlin-reflect-1.6.21.jar;D:\ProgramsfilesD\Android\Sdk\caches\modules-2\files-2.1\org.jetbrains.kotlin\kotlin-stdlib\1.6.21\11ef67f1900634fd951bad28c53ec957fabbe5b8\kotlin-stdlib-1.6.21.jar;D:\ProgramsfilesD\Android\Sdk\caches\modules-2\files-2.1\org.jetbrains.kotlin\kotlin-script-runtime\1.6.21\99c6675100da5d6d5b1c5a1032f27f28008d101b\kotlin-script-runtime-1.6.21.jar;D:\ProgramsfilesD\Android\Sdk\caches\modules-2\files-2.1\org.jetbrains.kotlin\kotlin-daemon-embeddable\1.6.21\46b78cf392e1c4f10854c3cadba44abb7b82250f\kotlin-daemon-embeddable-1.6.21.jar;D:\ProgramsfilesD\Android\Sdk\caches\modules-2\files-2.1\org.jetbrains.intellij.deps\trove4j\1.0.20200330\3afb14d5f9ceb459d724e907a21145e8ff394f02\trove4j-1.0.20200330.jar;D:\ProgramsfilesD\Android\Sdk\caches\modules-2\files-2.1\net.java.dev.jna\jna\5.6.0\330f2244e9030119ab3030fc3fededc86713d9cc\jna-5.6.0.jar;D:\ProgramsfilesD\Android\Sdk\caches\modules-2\files-2.1\org.jetbrains.kotlin\kotlin-stdlib-common\1.6.21\5e5b55c26dbc80372a920aef60eb774b714559b8\kotlin-stdlib-common-1.6.21.jar;D:\ProgramsfilesD\Android\Sdk\caches\modules-2\files-2.1\org.jetbrains\annotations\13.0\919f0dfe192fb4e063e7dacadee7f8bb9a2672a9\annotations-13.0.jar
Launcher Type: SUN_STANDARD

[Global flags]
     intx CICompilerCount                          = 4                                         {product} {ergonomic}
     uint ConcGCThreads                            = 2                                         {product} {ergonomic}
     uint G1ConcRefinementThreads                  = 8                                         {product} {ergonomic}
   size_t G1HeapRegionSize                         = 1048576                                   {product} {ergonomic}
    uintx GCDrainStackTargetSize                   = 64                                        {product} {ergonomic}
   size_t InitialHeapSize                          = 132120576                                 {product} {ergonomic}
   size_t MarkStackSize                            = 4194304                                   {product} {ergonomic}
   size_t MaxHeapSize                              = 2097152000                                {product} {ergonomic}
   size_t MinHeapDeltaBytes                        = 1048576                                   {product} {ergonomic}
    uintx NonNMethodCodeHeapSize                   = 5836300                                {pd product} {ergonomic}
    uintx NonProfiledCodeHeapSize                  = 122910970                              {pd product} {ergonomic}
    uintx ProfiledCodeHeapSize                     = 122910970                              {pd product} {ergonomic}
    uintx ReservedCodeCacheSize                    = 251658240                              {pd product} {ergonomic}
     bool SegmentedCodeCache                       = true                                      {product} {ergonomic}
     bool UseCompressedClassPointers               = true                                 {lp64_product} {ergonomic}
     bool UseCompressedOops                        = true                                 {lp64_product} {ergonomic}
     bool UseG1GC                                  = true                                      {product} {ergonomic}
     bool UseLargePagesIndividualAllocation        = false                                  {pd product} {ergonomic}

Logging:
Log output configuration:
 #0: stdout all=warning uptime,level,tags
 #1: stderr all=off uptime,level,tags

Environment Variables:
JAVA_HOME=D:\Program Files\Java
PATH=C:\PROGRA~2\Borland\CBUILD~1\Bin;C:\PROGRA~2\Borland\CBUILD~1\Projects\Bpl;C:\Program Files\Common Files\Oracle\Java\javapath;C:\Windows\system32;C:\Windows;C:\Windows\System32\Wbem;C:\Windows\System32\WindowsPowerShell\v1.0\;C:\Program Files (x86)\NVIDIA Corporation\PhysX\Common;C:\Program Files\NVIDIA Corporation\NVIDIA NvDLISR;C:\Program Files\Microsoft\Web Platform Installer\;C:\Program Files (x86)\Microsoft ASP.NET\ASP.NET Web Pages\v1.0\;C:\Program Files\Microsoft SQL Server\110\Tools\Binn\;C:\Program Files\Git\cmd;C:\Users\asus\AppData\Local\Programs\Python\Python310\Scripts\;C:\Users\asus\AppData\Local\Programs\Python\Python310\;C:\Users\asus\AppData\Local\Microsoft\WindowsApps;;D:\Program Files\JetBrains\IntelliJ IDEA Community Edition 2020.3\bin;
USERNAME=asus
OS=Windows_NT
PROCESSOR_IDENTIFIER=Intel64 Family 6 Model 126 Stepping 5, GenuineIntel



---------------  S Y S T E M  ---------------

OS: Windows 10 , 64 bit Build 18362 (10.0.18362.329)
OS uptime: 0 days 1:14 hours

CPU:total 8 (initial active 8) (4 cores per cpu, 2 threads per core) family 6 model 126 stepping 5 microcode 0x96, cmov, cx8, fxsr, mmx, sse, sse2, sse3, ssse3, sse4.1, sse4.2, popcnt, avx, avx2, aes, clmul, erms, 3dnowpref, lzcnt, ht, tsc, tscinvbit, bmi1, bmi2, adx, evex, sha, fma

Memory: 4k page, system-wide physical 7997M (823M free)
TotalPageFile size 7997M (AvailPageFile size 70M)
current process WorkingSet (physical memory assigned to process): 9M, peak: 10M
current process commit charge ("private bytes"): 60M, peak: 186M

vm_info: OpenJDK 64-Bit Server VM (11.0.11+9-b60-7590822) for windows-amd64 JRE (11.0.11+9-b60-7590822), built on Jul 29 2021 21:43:44 by "builder" with MS VC++ 14.0 (VS2015)

END.
